This is pdfTeX, Version 3.1415926-1.40.11 (TeX Live 2010) (format=tmdefault.pdflatex 2010.10.14)  15 OCT 2010 13:25
entering extended mode
 restricted \write18 enabled.
 file:line:error style messages enabled.
**/Users/bgentry/Library/texmf/tex/latex/moderncvbg/moderncvbg.cls
(/Users/bgentry/Library/texmf/tex/latex/moderncvbg/moderncvbg.cls
LaTeX2e <2009/09/24>
Babel <v3.8l> and hyphenation patterns for english, dumylang, nohyphenation, german-x-2009-06-19, ngerman-x-2009-06-19, ancientgreek, ibycus, arabic, armenian, basque, bulgarian, catalan, pinyin, coptic, croatian, czech, danish, dutch, ukenglish, usenglishmax, esperanto, estonian, farsi, finnish, french, galician, german, ngerman, swissgerman, monogreek, greek, hungarian, icelandic, assamese, bengali, gujarati, hindi, kannada, malayalam, marathi, oriya, panjabi, tamil, telugu, indonesian, interlingua, irish, italian, kurmanji, lao, latin, latvian, lithuanian, mongolian, mongolianlmc, bokmal, nynorsk, polish, portuguese, romanian, russian, sanskrit, serbian, slovak, slovenian, spanish, swedish, turkish, turkmen, ukrainian, uppersorbian, welsh, loaded.

LaTeX Warning: You have requested package `',
               but the package provides `moderncv'.

Package: moderncv 2010/05/24 v0.8 modern curriculum vitae document class

/Users/bgentry/Library/texmf/tex/latex/moderncvbg/moderncvbg.cls:19: LaTeX Error: Missing \begin{document}.

See the LaTeX manual or LaTeX Companion for explanation.
Type  H <return>  for immediate help.
 ...                                              
                                                  
l.19 \newif\if@
               DEBUG\@DEBUGfalse 
Here is how much of TeX's memory you used:
 11 strings out of 470559
 443 string characters out of 2640077
 673359 words of memory out of 3000000
 25991 multiletter control sequences out of 15000+200000
 4238 words of font info for 16 fonts, out of 3000000 for 9000
 714 hyphenation exceptions out of 8191
 7i,0n,5p,153b,14s stack positions out of 5000i,500n,10000p,200000b,50000s

/Users/bgentry/Library/texmf/tex/latex/moderncvbg/moderncvbg.cls:19:  ==> Fatal error occurred, no output PDF file produced!
